Compilación iniciada a las 20/06/2012 15:00:14.
     1>Proyecto "C:\Users\Jose\Desktop\TunelRendering\TunelRendering\TunelRendering.vcxproj" en el nodo 2 (build destinos).
     1>InitializeBuildStatus:
         Se creará "Debug\TunelRendering.unsuccessfulbuild" porque se especificó "AlwaysCreate".
       ClCompile:
         C:\Program Files (x86)\Microsoft Visual Studio 10.0\VC\bin\CL.exe /c /ZI /nologo /W3 /WX- /Od /Oy- /D WIN32 /D _DEBUG /D _CONSOLE /D _UNICODE /D UNICODE /Gm /EHsc /RTC1 /MDd /GS /fp:precise /Zc:wchar_t /Zc:forScope /Fo"Debug\\" /Fd"Debug\vc100.pdb" /Gd /TP /analyze- /errorReport:prompt main.cpp
         main.cpp
     1>c:\users\jose\desktop\tunelrendering\tunelrendering\splines.h(116): warning C4996: 'fopen': This function or variable may be unsafe. Consider using fopen_s instead. To disable deprecation, use _CRT_SECURE_NO_WARNINGS. See online help for details.
                 c:\program files (x86)\microsoft visual studio 10.0\vc\include\stdio.h(234) : vea la declaración de 'fopen'
     1>c:\users\jose\desktop\tunelrendering\tunelrendering\splines.h(126): warning C4996: 'fscanf': This function or variable may be unsafe. Consider using fscanf_s instead. To disable deprecation, use _CRT_SECURE_NO_WARNINGS. See online help for details.
                 c:\program files (x86)\microsoft visual studio 10.0\vc\include\stdio.h(253) : vea la declaración de 'fscanf'
     1>c:\users\jose\desktop\tunelrendering\tunelrendering\splines.h(137): warning C4996: 'fscanf': This function or variable may be unsafe. Consider using fscanf_s instead. To disable deprecation, use _CRT_SECURE_NO_WARNINGS. See online help for details.
                 c:\program files (x86)\microsoft visual studio 10.0\vc\include\stdio.h(253) : vea la declaración de 'fscanf'
     1>c:\users\jose\desktop\tunelrendering\tunelrendering\splines.h(282): warning C4996: 'fopen': This function or variable may be unsafe. Consider using fopen_s instead. To disable deprecation, use _CRT_SECURE_NO_WARNINGS. See online help for details.
                 c:\program files (x86)\microsoft visual studio 10.0\vc\include\stdio.h(234) : vea la declaración de 'fopen'
     1>c:\users\jose\desktop\tunelrendering\tunelrendering\splines.h(291): warning C4996: 'fscanf': This function or variable may be unsafe. Consider using fscanf_s instead. To disable deprecation, use _CRT_SECURE_NO_WARNINGS. See online help for details.
                 c:\program files (x86)\microsoft visual studio 10.0\vc\include\stdio.h(253) : vea la declaración de 'fscanf'
     1>c:\users\jose\desktop\tunelrendering\tunelrendering\splines.h(306): warning C4996: 'fscanf': This function or variable may be unsafe. Consider using fscanf_s instead. To disable deprecation, use _CRT_SECURE_NO_WARNINGS. See online help for details.
                 c:\program files (x86)\microsoft visual studio 10.0\vc\include\stdio.h(253) : vea la declaración de 'fscanf'
     1>c:\users\jose\desktop\tunelrendering\tunelrendering\main.cpp(80): warning C4101: 'r' : variable local sin referencia
     1>c:\users\jose\desktop\tunelrendering\tunelrendering\splines.h(271): warning C4715: 'SplineList::MoveToNextModif' : no todas las rutas de acceso de control devuelven un valor
       ManifestResourceCompile:
         Todas las salidas están actualizadas.
       Link:
         C:\Program Files (x86)\Microsoft Visual Studio 10.0\VC\bin\link.exe /ERRORREPORT:PROMPT /OUT:"C:\Users\Jose\Desktop\TunelRendering\Debug\TunelRendering.exe" /INCREMENTAL /NOLOGO SOIL.lib kernel32.lib user32.lib gdi32.lib winspool.lib comdlg32.lib advapi32.lib shell32.lib ole32.lib oleaut32.lib uuid.lib odbc32.lib odbccp32.lib /MANIFEST /ManifestFile:"Debug\TunelRendering.exe.intermediate.manifest" /MANIFESTUAC:"level='asInvoker' uiAccess='false'" /DEBUG /PDB:"C:\Users\Jose\Desktop\TunelRendering\Debug\TunelRendering.pdb" /SUBSYSTEM:CONSOLE /TLBID:1 /DYNAMICBASE /NXCOMPAT /IMPLIB:"C:\Users\Jose\Desktop\TunelRendering\Debug\TunelRendering.lib" /MACHINE:X86 Debug\TunelRendering.exe.embed.manifest.res
         Debug\main.obj
       Manifest:
         C:\Program Files (x86)\Microsoft SDKs\Windows\v7.0A\bin\mt.exe /nologo /verbose /out:"Debug\TunelRendering.exe.embed.manifest" /manifest Debug\TunelRendering.exe.intermediate.manifest
         Todas las salidas están actualizadas.
       LinkEmbedManifest:
         Todas las salidas están actualizadas.
         TunelRendering.vcxproj -> C:\Users\Jose\Desktop\TunelRendering\Debug\TunelRendering.exe
       FinalizeBuildStatus:
         Se eliminará el archivo "Debug\TunelRendering.unsuccessfulbuild".
         Aplicando tarea Touch a "Debug\TunelRendering.lastbuildstate".
     1>Compilación del proyecto terminada "C:\Users\Jose\Desktop\TunelRendering\TunelRendering\TunelRendering.vcxproj" (build destinos).

Compilación correcta.

Tiempo transcurrido 00:00:00.73
